{
  "RSpec": {
    "coverage": {
      "/Users/carmen/Documents/Coding/test_driven/config/environment.rb": [
        null,
        1,
        null,
        null,
        1
      ],
      "/Users/carmen/Documents/Coding/test_driven/config/application.rb": [
        1,
        null,
        1,
        null,
        1,
        1,
        1,
        1,
        1,
        1,
        1,
        1,
        1,
        null,
        null,
        null,
        null,
        1,
        null,
        1,
        1,
        null,
        1,
        null,
        null,
        null,
        null,
        null,
        null,
        1,
        null,
        null
      ],
      "/Users/carmen/Documents/Coding/test_driven/config/boot.rb": [
        1,
        null,
        1,
        1
      ],
      "/Users/carmen/Documents/Coding/test_driven/config/environments/test.rb": [
        1,
        null,
        null,
        null,
        null,
        null,
        null,
        1,
        null,
        null,
        null,
        null,
        1,
        null,
        null,
        1,
        1,
        null,
        null,
        null,
        null,
        1,
        1,
        null,
        null,
        1,
        null,
        null,
        1,
        null,
        null,
        1,
        null,
        1,
        null,
        null,
        null,
        null,
        1,
        null,
        null,
        1,
        null,
        null,
        null,
        null
      ],
      "/Users/carmen/Documents/Coding/test_driven/config/initializers/application_controller_renderer.rb": [
        null,
        null,
        null,
        null,
        null,
        null,
        null,
        null
      ],
      "/Users/carmen/Documents/Coding/test_driven/config/initializers/assets.rb": [
        null,
        null,
        null,
        1,
        null,
        null,
        null,
        null,
        1,
        null,
        null,
        null,
        null,
        null
      ],
      "/Users/carmen/Documents/Coding/test_driven/config/initializers/backtrace_silencers.rb": [
        null,
        null,
        null,
        null,
        null,
        null,
        null
      ],
      "/Users/carmen/Documents/Coding/test_driven/config/initializers/content_security_policy.rb": [
        null,
        null,
        null,
        null,
        null,
        null,
        null,
        null,
        null,
        null,
        null,
        null,
        null,
        null,
        null,
        null,
        null,
        null,
        null,
        null,
        null,
        null,
        null,
        null,
        null
      ],
      "/Users/carmen/Documents/Coding/test_driven/config/initializers/cookies_serializer.rb": [
        null,
        null,
        null,
        null,
        1
      ],
      "/Users/carmen/Documents/Coding/test_driven/config/initializers/filter_parameter_logging.rb": [
        null,
        null,
        null,
        1
      ],
      "/Users/carmen/Documents/Coding/test_driven/config/initializers/inflections.rb": [
        null,
        null,
        null,
        null,
        null,
        null,
        null,
        null,
        null,
        null,
        null,
        null,
        null,
        null,
        null,
        null
      ],
      "/Users/carmen/Documents/Coding/test_driven/config/initializers/mime_types.rb": [
        null,
        null,
        null,
        null
      ],
      "/Users/carmen/Documents/Coding/test_driven/config/initializers/wrap_parameters.rb": [
        null,
        null,
        null,
        null,
        null,
        null,
        1,
        2,
        null,
        null,
        null,
        null,
        null,
        null
      ],
      "/Users/carmen/Documents/Coding/test_driven/spec/factories/contacts.rb": [
        1,
        1,
        4,
        4,
        4,
        4,
        null,
        1,
        1,
        1,
        1,
        1,
        null,
        null,
        null
      ],
      "/Users/carmen/Documents/Coding/test_driven/config/routes.rb": [
        1,
        1,
        1,
        null,
        null
      ],
      "/Users/carmen/Documents/Coding/test_driven/app/helpers/application_helper.rb": [
        1,
        null
      ],
      "/Users/carmen/Documents/Coding/test_driven/app/helpers/contacts_helper.rb": [
        1,
        null
      ],
      "/Users/carmen/Documents/Coding/test_driven/spec/support/factory_bot.rb": [
        1,
        1,
        null,
        1,
        null,
        1,
        1,
        null,
        1,
        null,
        null,
        null
      ],
      "/Users/carmen/Documents/Coding/test_driven/spec/support/database_cleaner.rb": [
        1,
        null,
        1,
        1,
        null,
        null,
        1,
        5,
        null,
        null,
        1,
        0,
        null,
        null,
        1,
        5,
        null,
        null,
        1,
        5,
        null,
        null
      ],
      "/Users/carmen/Documents/Coding/test_driven/app/controllers/contacts_controller.rb": [
        1,
        1,
        1,
        null,
        null,
        1,
        1,
        null,
        null,
        1,
        2,
        2,
        2,
        null,
        0,
        null,
        null,
        null,
        1,
        0,
        null,
        null,
        null,
        1,
        1,
        2,
        null,
        null,
        null
      ],
      "/Users/carmen/Documents/Coding/test_driven/app/controllers/application_controller.rb": [
        1,
        null
      ],
      "/Users/carmen/Documents/Coding/test_driven/app/models/contact.rb": [
        1,
        1,
        null
      ],
      "/Users/carmen/Documents/Coding/test_driven/app/models/application_record.rb": [
        1,
        1,
        null
      ]
    },
    "timestamp": 1562555523
  }
}
