{
  "RSpec": {
    "coverage": {
      "/Users/carmen/Documents/Coding/test_driven/config/environment.rb": [
        null,
        null,
        null,
        1,
        null,
        null,
        1
      ],
      "/Users/carmen/Documents/Coding/test_driven/config/application.rb": [
        null,
        null,
        1,
        null,
        1,
        null,
        1,
        1,
        1,
        1,
        1,
        1,
        1,
        1,
        1,
        null,
        null,
        null,
        null,
        1,
        null,
        1,
        1,
        null,
        1,
        null,
        null,
        null,
        null,
        null,
        null,
        1,
        null,
        null
      ],
      "/Users/carmen/Documents/Coding/test_driven/config/boot.rb": [
        null,
        null,
        1,
        null,
        1,
        1
      ],
      "/Users/carmen/Documents/Coding/test_driven/config/environments/test.rb": [
        null,
        null,
        1,
        null,
        null,
        null,
        null,
        null,
        null,
        1,
        null,
        null,
        null,
        null,
        1,
        null,
        null,
        1,
        1,
        null,
        null,
        null,
        null,
        1,
        1,
        null,
        null,
        1,
        null,
        null,
        1,
        null,
        null,
        1,
        null,
        1,
        null,
        null,
        null,
        null,
        1,
        null,
        null,
        1,
        null,
        null,
        null,
        null
      ],
      "/Users/carmen/Documents/Coding/test_driven/config/initializers/application_controller_renderer.rb": [
        null,
        null,
        null,
        null,
        null,
        null,
        null,
        null,
        null,
        null
      ],
      "/Users/carmen/Documents/Coding/test_driven/config/initializers/assets.rb": [
        null,
        null,
        null,
        null,
        null,
        1,
        null,
        null,
        null,
        null,
        1,
        null,
        null,
        null,
        null,
        null
      ],
      "/Users/carmen/Documents/Coding/test_driven/config/initializers/backtrace_silencers.rb": [
        null,
        null,
        null,
        null,
        null,
        null,
        null,
        null,
        null
      ],
      "/Users/carmen/Documents/Coding/test_driven/config/initializers/content_security_policy.rb": [
        null,
        null,
        null,
        null,
        null,
        null,
        null,
        null,
        null,
        null,
        null,
        null,
        null,
        null,
        null,
        null,
        null,
        null,
        null,
        null,
        null,
        null,
        null,
        null,
        null,
        null,
        null
      ],
      "/Users/carmen/Documents/Coding/test_driven/config/initializers/cookies_serializer.rb": [
        null,
        null,
        null,
        null,
        null,
        null,
        1
      ],
      "/Users/carmen/Documents/Coding/test_driven/config/initializers/filter_parameter_logging.rb": [
        null,
        null,
        null,
        null,
        null,
        1
      ],
      "/Users/carmen/Documents/Coding/test_driven/config/initializers/inflections.rb": [
        null,
        null,
        null,
        null,
        null,
        null,
        null,
        null,
        null,
        null,
        null,
        null,
        null,
        null,
        null,
        null,
        null,
        null
      ],
      "/Users/carmen/Documents/Coding/test_driven/config/initializers/mime_types.rb": [
        null,
        null,
        null,
        null,
        null,
        null
      ],
      "/Users/carmen/Documents/Coding/test_driven/config/initializers/wrap_parameters.rb": [
        null,
        null,
        null,
        null,
        null,
        null,
        null,
        null,
        1,
        2,
        null,
        null,
        null,
        null,
        null,
        null
      ],
      "/Users/carmen/Documents/Coding/test_driven/spec/factories/contacts.rb": [
        1,
        1,
        2,
        2,
        2,
        2,
        null,
        1,
        1,
        1,
        1,
        1,
        null,
        null,
        null
      ],
      "/Users/carmen/Documents/Coding/test_driven/spec/factories/members.rb": [
        1,
        1,
        1,
        null,
        null
      ],
      "/Users/carmen/Documents/Coding/test_driven/config/routes.rb": [
        null,
        null,
        1,
        1,
        1,
        null,
        null
      ],
      "/Users/carmen/Documents/Coding/test_driven/app/helpers/application_helper.rb": [
        null,
        null,
        1,
        null
      ],
      "/Users/carmen/Documents/Coding/test_driven/app/helpers/contacts_helper.rb": [
        null,
        null,
        1,
        null
      ],
      "/Users/carmen/Documents/Coding/test_driven/spec/support/factory_bot.rb": [
        null,
        null,
        1,
        1,
        null,
        1,
        1,
        1,
        null,
        1,
        null,
        null
      ],
      "/Users/carmen/Documents/Coding/test_driven/spec/support/database_cleaner.rb": [
        null,
        null,
        1,
        1,
        1,
        null,
        null,
        1,
        15,
        null,
        null,
        1,
        0,
        null,
        null,
        1,
        15,
        null,
        null,
        1,
        15,
        null,
        null
      ],
      "/Users/carmen/Documents/Coding/test_driven/spec/models/contact_spec.rb": [
        null,
        null,
        1,
        null,
        1,
        1,
        2,
        2,
        2,
        2,
        null,
        null,
        1,
        1,
        1,
        1,
        null,
        null,
        null,
        1,
        2,
        null,
        null
      ],
      "/Users/carmen/Documents/Coding/test_driven/app/models/contact.rb": [
        null,
        null,
        1,
        1,
        null,
        1,
        null
      ],
      "/Users/carmen/Documents/Coding/test_driven/app/models/application_record.rb": [
        null,
        null,
        1,
        1,
        null
      ],
      "/Users/carmen/Documents/Coding/test_driven/spec/models/member_spec.rb": [
        1,
        null,
        1,
        1,
        2,
        null,
        null,
        1,
        2,
        2,
        2,
        null,
        null,
        null,
        null,
        1,
        1,
        1,
        1,
        1,
        null,
        null,
        null
      ],
      "/Users/carmen/Documents/Coding/test_driven/app/models/member.rb": [
        1,
        1,
        null,
        1,
        null
      ],
      "/Users/carmen/Documents/Coding/test_driven/spec/requests/contact_spec.rb": [
        1,
        null,
        1,
        1,
        null,
        1,
        1,
        1,
        null,
        null,
        1,
        1,
        1,
        null,
        1,
        1,
        null,
        null,
        1,
        1,
        null,
        null,
        null,
        null
      ],
      "/Users/carmen/Documents/Coding/test_driven/spec/views/contacts/index.html.erb_spec.rb": [
        1,
        null,
        1,
        1,
        1,
        null,
        null,
        1,
        null,
        1,
        null,
        null
      ],
      "/Users/carmen/Documents/Coding/test_driven/app/controllers/contacts_controller.rb": [
        null,
        null,
        1,
        1,
        2,
        null,
        null,
        1,
        1,
        null,
        null,
        1,
        1,
        1,
        0,
        0,
        null,
        1,
        null,
        null,
        null,
        1,
        0,
        null,
        null,
        1,
        0,
        null,
        null,
        1,
        0,
        0,
        0,
        null,
        null,
        null,
        1,
        0,
        0,
        0,
        null,
        null,
        1,
        null,
        1,
        1,
        null,
        null
      ],
      "/Users/carmen/Documents/Coding/test_driven/app/controllers/application_controller.rb": [
        null,
        null,
        1,
        null
      ]
    },
    "timestamp": 1565926809
  }
}
